Args:
 {
  "train_path": "/home/lmh/FewShotTagging/ACL2020data/xval_ed/ed_train_9.json",
  "dev_path": "/home/lmh/FewShotTagging/ACL2020data/xval_ed/ed_valid_9.json",
  "test_path": "/home/lmh/FewShotTagging/ACL2020data/xval_ed/ed_test_9.json",
  "eval_script": "./scripts/conlleval.pl",
  "bert_path": "/home/lmh/FewShotTagging/uncased_L-12_H-768_A-12/",
  "bert_vocab": "/home/lmh/FewShotTagging/uncased_L-12_H-768_A-12/vocab.txt",
  "output_dir": "/home/lmh/FewShotTagging/ACL2020data/xval_ed/L-Tapnet-CDT.dec_crf.enc_bert.ems_tapnet-dbt.mlp__random_0.5.e_scl_learn0.01_none.lb_sep_scl_fix0.5.t_scl_none1_none.t_i_rand.-mk_tr_.sim_dot.lr_0.00001.up_lr_0.001.bs_4_4.sp_b_2.w_ep_1.ep_3.DATA.ed.shots_1.cross_id_9.m_seed_10150",
  "saved_model_path": "",
  "embedding_cache": "/users4/ythou/Projects/Homework/ComputationalSemantic/.word_vectors_cache",
  "allow_override": false,
  "load_feature": true,
  "save_feature": false,
  "do_train": true,
  "do_predict": true,
  "do_debug": false,
  "do_overfit_test": false,
  "verbose": false,
  "seed": 10150,
  "local_rank": -1,
  "no_cuda": false,
  "cpt_per_epoch": 4,
  "convergence_window": 30000,
  "convergence_dev_num": 5,
  "train_batch_size": 4,
  "learning_rate": 1e-05,
  "num_train_epochs": 3.0,
  "warmup_proportion": 0.1,
  "eval_when_train": false,
  "gradient_accumulation_steps": 2,
  "optimize_on_cpu": false,
  "fp16": false,
  "loss_scale": 128,
  "delete_checkpoint": true,
  "clip_grad": 5.0,
  "decay_lr": 0.5,
  "decay_epoch_size": 1,
  "warmup_epoch": 1,
  "upper_lr": 0.001,
  "no_embedder_grad": false,
  "fix_embed_epoch": -1,
  "train_label_mask": null,
  "test_batch_size": 4,
  "test_on_cpu": false,
  "sim_annotation": "match",
  "bio_text_omit": false,
  "separate_prj": false,
  "projection_layer": "none",
  "context_emb": "bert",
  "similarity": "dot",
  "emb_dim": 64,
  "label_reps": "sep",
  "use_schema": true,
  "decoder": "crf",
  "emission": "tapnet",
  "emission_normalizer": "none",
  "emission_scaler": "learn",
  "ems_scale_r": 0.01,
  "ple_normalizer": "none",
  "ple_scaler": "fix",
  "ple_scale_r": 0.5,
  "tap_random_init": true,
  "tap_random_init_r": 0.5,
  "tap_mlp": false,
  "tap_mlp_out_dim": 768,
  "tap_proto": true,
  "tap_proto_r": 0.3,
  "proj_dim": 0,
  "emb_log": false,
  "div_by_tag_num": true,
  "transition": "learn",
  "trans_normalizer": "none",
  "trans_scaler": "none",
  "backoff_init": "rand",
  "trans_r": 1.0,
  "trans_scale_r": 1.0,
  "label_trans_normalizer": "",
  "label_trans_scaler": "fix",
  "label_trans_scale_r": 1,
  "mask_transition": true,
  "add_transition_rules": false,
  "loss_func": "cross_entropy"
}
